INFO:root:creating bike for days for 5 stations
INFO:root:creating bike for days for 5 stations
INFO:root:profile: [4, 4, 4, 4, 4]
INFO:root:creating bike for days for 5 stations
INFO:root:profile: [4, 4, 4, 4, 4]
INFO:root:creating bike for days for 5 stations
INFO:root:profile: [4, 4, 4, 4, 4]
INFO:root:creating bike for days for 5 stations
INFO:root:profile: [4, 4, 4, 4, 4]
INFO:root:creating bike for days for 5 stations
INFO:root:profile: [4, 4, 4, 4, 4]
INFO:root:--------------------------------------------------------------------------------
INFO:root:Total valid count: 0
INFO:root:Total count: 1
INFO:root:Percentage of valids in search space: 0.0
INFO:root:Time elapsed: 00:00:00
INFO:root:run complete.
INFO:root:creating bike for days for 5 stations
INFO:root:profile: [4, 4, 4, 4, 4]
INFO:root:creating bike for days for 5 stations
INFO:root:profile: [4, 4, 4, 4, 4]
